1601707553480	mozrunner::runner	INFO	Running command: "C:\\Program Files\\Mozilla Firefox\\firefox.exe" "-marionette" "-foreground" "-no-remote" "-profile" "C:\\Users\\NICKDE~1\\AppData\\Local\\Temp\\rust_mozprofile.O6uvtj8uGsme"
Can't find symbol 'eglSwapBuffersWithDamageEXT'.
JavaScript error: resource://gre/modules/XULStore.jsm, line 66: Error: Can't find profile directory.
console.error: SearchCache: "_readCacheFile: Error reading cache file:" (new Error("", "(unknown module)"))
1601707562113	Marionette	INFO	Listening on port 61644
1601707562552	Marionette	WARN	TLS certificate errors will be ignored for this session
Handler function threw an exception: TypeError: topFrame.browsingContext is null
Stack: matchRequest@resource://devtools/server/actors/network-monitor/network-observer.js:111:9
_onRequestHeader@resource://devtools/server/actors/network-monitor/network-observer.js:857:10
NetworkObserver.prototype.observeActivity<@resource://devtools/server/actors/network-monitor/network-observer.js:632:12
exports.makeInfallible/<@resource://devtools/shared/ThreadSafeDevToolsUtils.js:103:22
Line: 111, column: 9
console.error: (new TypeError("topFrame.browsingContext is null", "resource://devtools/server/actors/network-monitor/network-observer.js", 111))
Handler function _httpResponseExaminer threw an exception: TypeError: topFrame.browsingContext is null
Stack: matchRequest@resource://devtools/server/actors/network-monitor/network-observer.js:111:9
_httpResponseExaminer@resource://devtools/server/actors/network-monitor/network-observer.js:416:10
exports.makeInfallible/<@resource://devtools/shared/ThreadSafeDevToolsUtils.js:103:22
Line: 111, column: 9
console.error: (new TypeError("topFrame.browsingContext is null", "resource://devtools/server/actors/network-monitor/network-observer.js", 111))
Handler function _httpResponseExaminer threw an exception: TypeError: topFrame.browsingContext is null
Stack: matchRequest@resource://devtools/server/actors/network-monitor/network-observer.js:111:9
_httpResponseExaminer@resource://devtools/server/actors/network-monitor/network-observer.js:416:10
exports.makeInfallible/<@resource://devtools/shared/ThreadSafeDevToolsUtils.js:103:22
Line: 111, column: 9
console.error: (new TypeError("topFrame.browsingContext is null", "resource://devtools/server/actors/network-monitor/network-observer.js", 111))
Handler function _httpResponseExaminer threw an exception: TypeError: topFrame.browsingContext is null
Stack: matchRequest@resource://devtools/server/actors/network-monitor/network-observer.js:111:9
_httpResponseExaminer@resource://devtools/server/actors/network-monitor/network-observer.js:416:10
exports.makeInfallible/<@resource://devtools/shared/ThreadSafeDevToolsUtils.js:103:22
Line: 111, column: 9
console.error: (new TypeError("topFrame.browsingContext is null", "resource://devtools/server/actors/network-monitor/network-observer.js", 111))
JavaScript error: https://m.media-amazon.com/images/G/01/imdb/js/collections/user-reviews-2154194008._CB407253794_.js, line 1: TypeError: this.widget is null
JavaScript error: https://m.media-amazon.com/images/G/01/imdb/js/collections/user-reviews-2154194008._CB407253794_.js, line 1: TypeError: this.widget is null
JavaScript error: https://m.media-amazon.com/images/G/01/imdb/js/collections/user-reviews-2154194008._CB407253794_.js, line 1: TypeError: this.widget is null
JavaScript error: https://m.media-amazon.com/images/G/01/imdb/js/collections/user-reviews-2154194008._CB407253794_.js, line 1: TypeError: this.widget is null
JavaScript error: https://m.media-amazon.com/images/G/01/imdb/js/collections/user-reviews-2154194008._CB407253794_.js, line 1: TypeError: this.widget is null
JavaScript error: https://m.media-amazon.com/images/G/01/imdb/js/collections/user-reviews-2154194008._CB407253794_.js, line 1: TypeError: this.widget is null
JavaScript error: https://m.media-amazon.com/images/G/01/imdb/js/collections/user-reviews-2154194008._CB407253794_.js, line 1: TypeError: this.widget is null
JavaScript error: https://m.media-amazon.com/images/G/01/imdb/js/collections/user-reviews-2154194008._CB407253794_.js, line 1: TypeError: this.widget is null
JavaScript error: https://m.media-amazon.com/images/G/01/imdb/js/collections/user-reviews-2154194008._CB407253794_.js, line 1: TypeError: this.widget is null
JavaScript error: https://m.media-amazon.com/images/G/01/imdb/js/collections/user-reviews-2154194008._CB407253794_.js, line 1: TypeError: this.widget is null
JavaScript error: https://m.media-amazon.com/images/G/01/imdb/js/collections/user-reviews-2154194008._CB407253794_.js, line 1: TypeError: this.widget is null
JavaScript error: https://m.media-amazon.com/images/G/01/imdb/js/collections/user-reviews-2154194008._CB407253794_.js, line 1: TypeError: this.widget is null
JavaScript error: https://m.media-amazon.com/images/G/01/imdb/js/collections/user-reviews-2154194008._CB407253794_.js, line 1: TypeError: this.widget is null
JavaScript error: , line 0: NS_ERROR_NOT_AVAILABLE
JavaScript error: https://m.media-amazon.com/images/G/01/imdb/js/collections/user-reviews-2154194008._CB407253794_.js, line 1: TypeError: this.widget is null
JavaScript error: https://m.media-amazon.com/images/G/01/imdb/js/collections/user-reviews-2154194008._CB407253794_.js, line 1: TypeError: this.widget is null
JavaScript error: https://m.media-amazon.com/images/G/01/imdb/js/collections/user-reviews-2154194008._CB407253794_.js, line 1: TypeError: this.widget is null
JavaScript error: https://m.media-amazon.com/images/G/01/imdb/js/collections/user-reviews-2154194008._CB407253794_.js, line 1: TypeError: this.widget is null
JavaScript error: https://m.media-amazon.com/images/G/01/imdb/js/collections/user-reviews-2154194008._CB407253794_.js, line 1: TypeError: this.widget is null
JavaScript error: https://m.media-amazon.com/images/G/01/imdb/js/collections/user-reviews-2154194008._CB407253794_.js, line 1: TypeError: this.widget is null
JavaScript error: https://m.media-amazon.com/images/G/01/imdb/js/collections/user-reviews-2154194008._CB407253794_.js, line 1: TypeError: this.widget is null
JavaScript error: https://m.media-amazon.com/images/G/01/imdb/js/collections/user-reviews-2154194008._CB407253794_.js, line 1: TypeError: this.widget is null
JavaScript error: https://m.media-amazon.com/images/G/01/imdb/js/collections/user-reviews-2154194008._CB407253794_.js, line 1: TypeError: this.widget is null
JavaScript error: https://m.media-amazon.com/images/G/01/imdb/js/collections/user-reviews-2154194008._CB407253794_.js, line 1: TypeError: this.widget is null
JavaScript error: https://m.media-amazon.com/images/G/01/imdb/js/collections/user-reviews-2154194008._CB407253794_.js, line 1: TypeError: this.widget is null
JavaScript error: https://m.media-amazon.com/images/G/01/imdb/js/collections/user-reviews-2154194008._CB407253794_.js, line 1: TypeError: this.widget is null
JavaScript error: https://m.media-amazon.com/images/G/01/imdb/js/collections/user-reviews-2154194008._CB407253794_.js, line 1: TypeError: this.widget is null
JavaScript error: https://m.media-amazon.com/images/G/01/imdb/js/collections/user-reviews-2154194008._CB407253794_.js, line 1: TypeError: this.widget is null
JavaScript error: https://m.media-amazon.com/images/G/01/imdb/js/collections/user-reviews-2154194008._CB407253794_.js, line 1: TypeError: this.widget is null
JavaScript error: https://m.media-amazon.com/images/G/01/imdb/js/collections/user-reviews-2154194008._CB407253794_.js, line 1: TypeError: this.widget is null
JavaScript error: https://m.media-amazon.com/images/G/01/imdb/js/collections/user-reviews-2154194008._CB407253794_.js, line 1: TypeError: this.widget is null
JavaScript error: https://m.media-amazon.com/images/G/01/imdb/js/collections/user-reviews-2154194008._CB407253794_.js, line 1: TypeError: this.widget is null
JavaScript error: https://m.media-amazon.com/images/G/01/imdb/js/collections/user-reviews-2154194008._CB407253794_.js, line 1: TypeError: this.widget is null
JavaScript error: https://m.media-amazon.com/images/G/01/imdb/js/collections/user-reviews-2154194008._CB407253794_.js, line 1: TypeError: this.widget is null
JavaScript error: https://m.media-amazon.com/images/G/01/imdb/js/collections/user-reviews-2154194008._CB407253794_.js, line 1: TypeError: this.widget is null
JavaScript error: https://m.media-amazon.com/images/G/01/imdb/js/collections/user-reviews-2154194008._CB407253794_.js, line 1: TypeError: this.widget is null
JavaScript error: https://m.media-amazon.com/images/G/01/imdb/js/collections/user-reviews-2154194008._CB407253794_.js, line 1: TypeError: this.widget is null
JavaScript error: https://m.media-amazon.com/images/G/01/imdb/js/collections/user-reviews-2154194008._CB407253794_.js, line 1: TypeError: this.widget is null
JavaScript error: https://m.media-amazon.com/images/G/01/imdb/js/collections/user-reviews-2154194008._CB407253794_.js, line 1: TypeError: this.widget is null
JavaScript error: https://m.media-amazon.com/images/G/01/imdb/js/collections/user-reviews-2154194008._CB407253794_.js, line 1: TypeError: this.widget is null
JavaScript error: https://m.media-amazon.com/images/G/01/imdb/js/collections/user-reviews-2154194008._CB407253794_.js, line 1: TypeError: this.widget is null
JavaScript error: https://m.media-amazon.com/images/G/01/imdb/js/collections/user-reviews-2154194008._CB407253794_.js, line 1: TypeError: this.widget is null
JavaScript error: https://m.media-amazon.com/images/G/01/imdb/js/collections/user-reviews-2154194008._CB407253794_.js, line 1: TypeError: this.widget is null
JavaScript error: https://m.media-amazon.com/images/G/01/imdb/js/collections/user-reviews-2154194008._CB407253794_.js, line 1: TypeError: this.widget is null
JavaScript error: https://m.media-amazon.com/images/G/01/imdb/js/collections/user-reviews-2154194008._CB407253794_.js, line 1: TypeError: this.widget is null
JavaScript error: https://m.media-amazon.com/images/G/01/imdb/js/collections/user-reviews-2154194008._CB407253794_.js, line 1: TypeError: this.widget is null
JavaScript error: https://m.media-amazon.com/images/G/01/imdb/js/collections/user-reviews-2154194008._CB407253794_.js, line 1: TypeError: this.widget is null
JavaScript error: https://m.media-amazon.com/images/G/01/imdb/js/collections/user-reviews-2154194008._CB407253794_.js, line 1: TypeError: this.widget is null
JavaScript error: https://m.media-amazon.com/images/G/01/imdb/js/collections/user-reviews-2154194008._CB407253794_.js, line 1: TypeError: this.widget is null
JavaScript error: https://m.media-amazon.com/images/G/01/imdb/js/collections/user-reviews-2154194008._CB407253794_.js, line 1: TypeError: this.widget is null
JavaScript error: https://m.media-amazon.com/images/G/01/imdb/js/collections/user-reviews-2154194008._CB407253794_.js, line 1: TypeError: this.widget is null
JavaScript error: https://m.media-amazon.com/images/G/01/imdb/js/collections/user-reviews-2154194008._CB407253794_.js, line 1: TypeError: this.widget is null
JavaScript error: https://m.media-amazon.com/images/G/01/imdb/js/collections/user-reviews-2154194008._CB407253794_.js, line 1: TypeError: this.widget is null
JavaScript error: https://m.media-amazon.com/images/G/01/imdb/js/collections/user-reviews-2154194008._CB407253794_.js, line 1: TypeError: this.widget is null
JavaScript error: https://m.media-amazon.com/images/G/01/imdb/js/collections/user-reviews-2154194008._CB407253794_.js, line 1: TypeError: this.widget is null
JavaScript error: https://m.media-amazon.com/images/G/01/imdb/js/collections/user-reviews-2154194008._CB407253794_.js, line 1: TypeError: this.widget is null
JavaScript error: https://m.media-amazon.com/images/G/01/imdb/js/collections/user-reviews-2154194008._CB407253794_.js, line 1: TypeError: this.widget is null
JavaScript error: https://m.media-amazon.com/images/G/01/imdb/js/collections/user-reviews-2154194008._CB407253794_.js, line 1: TypeError: this.widget is null
JavaScript error: https://m.media-amazon.com/images/G/01/imdb/js/collections/user-reviews-2154194008._CB407253794_.js, line 1: TypeError: this.widget is null
JavaScript error: https://m.media-amazon.com/images/G/01/imdb/js/collections/user-reviews-2154194008._CB407253794_.js, line 1: TypeError: this.widget is null
JavaScript error: https://m.media-amazon.com/images/G/01/imdb/js/collections/user-reviews-2154194008._CB407253794_.js, line 1: TypeError: this.widget is null
JavaScript error: https://m.media-amazon.com/images/G/01/imdb/js/collections/user-reviews-2154194008._CB407253794_.js, line 1: TypeError: this.widget is null
JavaScript error: https://m.media-amazon.com/images/G/01/imdb/js/collections/user-reviews-2154194008._CB407253794_.js, line 1: TypeError: this.widget is null
JavaScript error: https://m.media-amazon.com/images/G/01/imdb/js/collections/user-reviews-2154194008._CB407253794_.js, line 1: TypeError: this.widget is null
JavaScript error: https://m.media-amazon.com/images/G/01/imdb/js/collections/user-reviews-2154194008._CB407253794_.js, line 1: TypeError: this.widget is null
JavaScript error: https://m.media-amazon.com/images/G/01/imdb/js/collections/user-reviews-2154194008._CB407253794_.js, line 1: TypeError: this.widget is null
JavaScript error: https://m.media-amazon.com/images/G/01/imdb/js/collections/user-reviews-2154194008._CB407253794_.js, line 1: TypeError: this.widget is null
JavaScript error: https://m.media-amazon.com/images/G/01/imdb/js/collections/user-reviews-2154194008._CB407253794_.js, line 1: TypeError: this.widget is null
JavaScript error: https://m.media-amazon.com/images/G/01/imdb/js/collections/user-reviews-2154194008._CB407253794_.js, line 1: TypeError: this.widget is null
JavaScript error: https://m.media-amazon.com/images/G/01/imdb/js/collections/user-reviews-2154194008._CB407253794_.js, line 1: TypeError: this.widget is null
JavaScript error: https://m.media-amazon.com/images/G/01/imdb/js/collections/user-reviews-2154194008._CB407253794_.js, line 1: TypeError: this.widget is null
JavaScript error: https://m.media-amazon.com/images/G/01/imdb/js/collections/user-reviews-2154194008._CB407253794_.js, line 1: TypeError: this.widget is null
JavaScript error: https://m.media-amazon.com/images/G/01/imdb/js/collections/user-reviews-2154194008._CB407253794_.js, line 1: TypeError: this.widget is null
JavaScript error: https://m.media-amazon.com/images/G/01/imdb/js/collections/user-reviews-2154194008._CB407253794_.js, line 1: TypeError: this.widget is null
JavaScript error: https://m.media-amazon.com/images/G/01/imdb/js/collections/user-reviews-2154194008._CB407253794_.js, line 1: TypeError: this.widget is null
JavaScript error: https://m.media-amazon.com/images/G/01/imdb/js/collections/user-reviews-2154194008._CB407253794_.js, line 1: TypeError: this.widget is null
JavaScript error: https://m.media-amazon.com/images/G/01/imdb/js/collections/user-reviews-2154194008._CB407253794_.js, line 1: TypeError: this.widget is null
JavaScript error: https://m.media-amazon.com/images/G/01/imdb/js/collections/user-reviews-2154194008._CB407253794_.js, line 1: TypeError: this.widget is null
JavaScript error: https://m.media-amazon.com/images/G/01/imdb/js/collections/user-reviews-2154194008._CB407253794_.js, line 1: TypeError: this.widget is null
JavaScript error: https://m.media-amazon.com/images/G/01/imdb/js/collections/user-reviews-2154194008._CB407253794_.js, line 1: TypeError: this.widget is null
1601709165606	Marionette	INFO	Stopped listening on port 61644

###!!! [Child][RunMessage] Error: Channel closing: too late to send/recv, messages will be lost


###!!! [Child][MessageChannel::SendAndWait] Error: Channel error: cannot send/recv

1601709171996	mozrunner::runner	INFO	Running command: "C:\\Program Files\\Mozilla Firefox\\firefox.exe" "-marionette" "-foreground" "-no-remote" "-profile" "C:\\Users\\NICKDE~1\\AppData\\Local\\Temp\\rust_mozprofile.qIx5YZdr9Wad"
Can't find symbol 'eglSwapBuffersWithDamageEXT'.
JavaScript error: resource://gre/modules/XULStore.jsm, line 66: Error: Can't find profile directory.
console.error: SearchCache: "_readCacheFile: Error reading cache file:" (new Error("", "(unknown module)"))
1601709177797	Marionette	INFO	Listening on port 63253
1601709178211	Marionette	WARN	TLS certificate errors will be ignored for this session
JavaScript error: https://m.media-amazon.com/images/G/01/imdb/js/collections/user-reviews-2154194008._CB407253794_.js, line 1: TypeError: this.widget is null
JavaScript error: https://m.media-amazon.com/images/G/01/imdb/js/collections/user-reviews-2154194008._CB407253794_.js, line 1: TypeError: this.widget is null
JavaScript error: https://m.media-amazon.com/images/G/01/imdb/js/collections/user-reviews-2154194008._CB407253794_.js, line 1: TypeError: this.widget is null
JavaScript error: https://m.media-amazon.com/images/G/01/imdb/js/collections/user-reviews-2154194008._CB407253794_.js, line 1: TypeError: this.widget is null
JavaScript error: https://m.media-amazon.com/images/G/01/imdb/js/collections/user-reviews-2154194008._CB407253794_.js, line 1: TypeError: this.widget is null
JavaScript error: https://m.media-amazon.com/images/G/01/imdb/js/collections/user-reviews-2154194008._CB407253794_.js, line 1: TypeError: this.widget is null
JavaScript error: https://m.media-amazon.com/images/G/01/imdb/js/collections/user-reviews-2154194008._CB407253794_.js, line 1: TypeError: this.widget is null
JavaScript error: https://m.media-amazon.com/images/G/01/imdb/js/collections/user-reviews-2154194008._CB407253794_.js, line 1: TypeError: this.widget is null
JavaScript error: https://m.media-amazon.com/images/G/01/imdb/js/collections/user-reviews-2154194008._CB407253794_.js, line 1: TypeError: this.widget is null
JavaScript error: https://m.media-amazon.com/images/G/01/imdb/js/collections/user-reviews-2154194008._CB407253794_.js, line 1: TypeError: this.widget is null
JavaScript error: https://m.media-amazon.com/images/G/01/imdb/js/collections/user-reviews-2154194008._CB407253794_.js, line 1: TypeError: this.widget is null
JavaScript error: https://m.media-amazon.com/images/G/01/imdb/js/collections/user-reviews-2154194008._CB407253794_.js, line 1: TypeError: this.widget is null
JavaScript error: https://m.media-amazon.com/images/G/01/imdb/js/collections/user-reviews-2154194008._CB407253794_.js, line 1: TypeError: this.widget is null
JavaScript error: https://m.media-amazon.com/images/G/01/imdb/js/collections/user-reviews-2154194008._CB407253794_.js, line 1: TypeError: this.widget is null
JavaScript error: https://m.media-amazon.com/images/G/01/imdb/js/collections/user-reviews-2154194008._CB407253794_.js, line 1: TypeError: this.widget is null
JavaScript error: https://m.media-amazon.com/images/G/01/imdb/js/collections/user-reviews-2154194008._CB407253794_.js, line 1: TypeError: this.widget is null
JavaScript error: https://m.media-amazon.com/images/G/01/imdb/js/collections/user-reviews-2154194008._CB407253794_.js, line 1: TypeError: this.widget is null
JavaScript error: https://m.media-amazon.com/images/G/01/imdb/js/collections/user-reviews-2154194008._CB407253794_.js, line 1: TypeError: this.widget is null
JavaScript error: https://m.media-amazon.com/images/G/01/imdb/js/collections/user-reviews-2154194008._CB407253794_.js, line 1: TypeError: this.widget is null
JavaScript error: https://m.media-amazon.com/images/G/01/imdb/js/collections/user-reviews-2154194008._CB407253794_.js, line 1: TypeError: this.widget is null
JavaScript error: https://m.media-amazon.com/images/G/01/imdb/js/collections/user-reviews-2154194008._CB407253794_.js, line 1: TypeError: this.widget is null
JavaScript error: https://m.media-amazon.com/images/G/01/imdb/js/collections/user-reviews-2154194008._CB407253794_.js, line 1: TypeError: this.widget is null
JavaScript error: https://m.media-amazon.com/images/G/01/imdb/js/collections/user-reviews-2154194008._CB407253794_.js, line 1: TypeError: this.widget is null
JavaScript error: https://m.media-amazon.com/images/G/01/imdb/js/collections/user-reviews-2154194008._CB407253794_.js, line 1: TypeError: this.widget is null
JavaScript error: https://m.media-amazon.com/images/G/01/imdb/js/collections/user-reviews-2154194008._CB407253794_.js, line 1: TypeError: this.widget is null
JavaScript error: https://m.media-amazon.com/images/G/01/imdb/js/collections/user-reviews-2154194008._CB407253794_.js, line 1: TypeError: this.widget is null
JavaScript error: https://m.media-amazon.com/images/G/01/imdb/js/collections/user-reviews-2154194008._CB407253794_.js, line 1: TypeError: this.widget is null
JavaScript error: https://m.media-amazon.com/images/G/01/imdb/js/collections/user-reviews-2154194008._CB407253794_.js, line 1: TypeError: this.widget is null
JavaScript error: https://m.media-amazon.com/images/G/01/imdb/js/collections/user-reviews-2154194008._CB407253794_.js, line 1: TypeError: this.widget is null
JavaScript error: https://m.media-amazon.com/images/G/01/imdb/js/collections/user-reviews-2154194008._CB407253794_.js, line 1: TypeError: this.widget is null
JavaScript error: https://m.media-amazon.com/images/G/01/imdb/js/collections/user-reviews-2154194008._CB407253794_.js, line 1: TypeError: this.widget is null
JavaScript error: https://m.media-amazon.com/images/G/01/imdb/js/collections/user-reviews-2154194008._CB407253794_.js, line 1: TypeError: this.widget is null
JavaScript error: https://m.media-amazon.com/images/G/01/imdb/js/collections/user-reviews-2154194008._CB407253794_.js, line 1: TypeError: this.widget is null
JavaScript error: https://m.media-amazon.com/images/G/01/imdb/js/collections/user-reviews-2154194008._CB407253794_.js, line 1: TypeError: this.widget is null
JavaScript error: https://m.media-amazon.com/images/G/01/imdb/js/collections/user-reviews-2154194008._CB407253794_.js, line 1: TypeError: this.widget is null
JavaScript error: https://m.media-amazon.com/images/G/01/imdb/js/collections/user-reviews-2154194008._CB407253794_.js, line 1: TypeError: this.widget is null
JavaScript error: https://m.media-amazon.com/images/G/01/imdb/js/collections/user-reviews-2154194008._CB407253794_.js, line 1: TypeError: this.widget is null
JavaScript error: https://m.media-amazon.com/images/G/01/imdb/js/collections/user-reviews-2154194008._CB407253794_.js, line 1: TypeError: this.widget is null
JavaScript error: https://m.media-amazon.com/images/G/01/imdb/js/collections/user-reviews-2154194008._CB407253794_.js, line 1: TypeError: this.widget is null
JavaScript error: https://m.media-amazon.com/images/G/01/imdb/js/collections/user-reviews-2154194008._CB407253794_.js, line 1: TypeError: this.widget is null
JavaScript error: https://m.media-amazon.com/images/G/01/imdb/js/collections/user-reviews-2154194008._CB407253794_.js, line 1: TypeError: this.widget is null
JavaScript error: https://m.media-amazon.com/images/G/01/imdb/js/collections/user-reviews-2154194008._CB407253794_.js, line 1: TypeError: this.widget is null
JavaScript error: https://m.media-amazon.com/images/G/01/imdb/js/collections/user-reviews-2154194008._CB407253794_.js, line 1: TypeError: this.widget is null
JavaScript error: https://m.media-amazon.com/images/G/01/imdb/js/collections/user-reviews-2154194008._CB407253794_.js, line 1: TypeError: this.widget is null
JavaScript error: https://m.media-amazon.com/images/G/01/imdb/js/collections/user-reviews-2154194008._CB407253794_.js, line 1: TypeError: this.widget is null
JavaScript error: https://m.media-amazon.com/images/G/01/imdb/js/collections/user-reviews-2154194008._CB407253794_.js, line 1: TypeError: this.widget is null
JavaScript error: https://m.media-amazon.com/images/G/01/imdb/js/collections/user-reviews-2154194008._CB407253794_.js, line 1: TypeError: this.widget is null
JavaScript error: https://m.media-amazon.com/images/G/01/imdb/js/collections/user-reviews-2154194008._CB407253794_.js, line 1: TypeError: this.widget is null
JavaScript error: https://m.media-amazon.com/images/G/01/imdb/js/collections/user-reviews-2154194008._CB407253794_.js, line 1: TypeError: this.widget is null
JavaScript error: https://m.media-amazon.com/images/G/01/imdb/js/collections/user-reviews-2154194008._CB407253794_.js, line 1: TypeError: this.widget is null
JavaScript error: https://m.media-amazon.com/images/G/01/imdb/js/collections/user-reviews-2154194008._CB407253794_.js, line 1: TypeError: this.widget is null
JavaScript error: https://m.media-amazon.com/images/G/01/imdb/js/collections/user-reviews-2154194008._CB407253794_.js, line 1: TypeError: this.widget is null
JavaScript error: https://m.media-amazon.com/images/G/01/imdb/js/collections/user-reviews-2154194008._CB407253794_.js, line 1: TypeError: this.widget is null
JavaScript error: https://m.media-amazon.com/images/G/01/imdb/js/collections/user-reviews-2154194008._CB407253794_.js, line 1: TypeError: this.widget is null
JavaScript error: https://m.media-amazon.com/images/G/01/imdb/js/collections/user-reviews-2154194008._CB407253794_.js, line 1: TypeError: this.widget is null
JavaScript error: https://m.media-amazon.com/images/G/01/imdb/js/collections/user-reviews-2154194008._CB407253794_.js, line 1: TypeError: this.widget is null
JavaScript error: https://m.media-amazon.com/images/G/01/imdb/js/collections/user-reviews-2154194008._CB407253794_.js, line 1: TypeError: this.widget is null
JavaScript error: https://m.media-amazon.com/images/G/01/imdb/js/collections/user-reviews-2154194008._CB407253794_.js, line 1: TypeError: this.widget is null
JavaScript error: https://m.media-amazon.com/images/G/01/imdb/js/collections/user-reviews-2154194008._CB407253794_.js, line 1: TypeError: this.widget is null
JavaScript error: https://m.media-amazon.com/images/G/01/imdb/js/collections/user-reviews-2154194008._CB407253794_.js, line 1: TypeError: this.widget is null
JavaScript error: https://m.media-amazon.com/images/G/01/imdb/js/collections/user-reviews-2154194008._CB407253794_.js, line 1: TypeError: this.widget is null
JavaScript error: https://m.media-amazon.com/images/G/01/imdb/js/collections/user-reviews-2154194008._CB407253794_.js, line 1: TypeError: this.widget is null
JavaScript error: https://m.media-amazon.com/images/G/01/imdb/js/collections/user-reviews-2154194008._CB407253794_.js, line 1: TypeError: this.widget is null
JavaScript error: https://m.media-amazon.com/images/G/01/imdb/js/collections/user-reviews-2154194008._CB407253794_.js, line 1: TypeError: this.widget is null
JavaScript error: https://m.media-amazon.com/images/G/01/imdb/js/collections/user-reviews-2154194008._CB407253794_.js, line 1: TypeError: this.widget is null
JavaScript error: https://m.media-amazon.com/images/G/01/imdb/js/collections/user-reviews-2154194008._CB407253794_.js, line 1: TypeError: this.widget is null
JavaScript error: https://m.media-amazon.com/images/G/01/imdb/js/collections/user-reviews-2154194008._CB407253794_.js, line 1: TypeError: this.widget is null
JavaScript error: https://m.media-amazon.com/images/G/01/imdb/js/collections/user-reviews-2154194008._CB407253794_.js, line 1: TypeError: this.widget is null
JavaScript error: https://m.media-amazon.com/images/G/01/imdb/js/collections/user-reviews-2154194008._CB407253794_.js, line 1: TypeError: this.widget is null
JavaScript error: https://m.media-amazon.com/images/G/01/imdb/js/collections/user-reviews-2154194008._CB407253794_.js, line 1: TypeError: this.widget is null
JavaScript error: https://m.media-amazon.com/images/G/01/imdb/js/collections/user-reviews-2154194008._CB407253794_.js, line 1: TypeError: this.widget is null
JavaScript error: https://m.media-amazon.com/images/G/01/imdb/js/collections/user-reviews-2154194008._CB407253794_.js, line 1: TypeError: this.widget is null
JavaScript error: https://m.media-amazon.com/images/G/01/imdb/js/collections/user-reviews-2154194008._CB407253794_.js, line 1: TypeError: this.widget is null
JavaScript error: https://m.media-amazon.com/images/G/01/imdb/js/collections/user-reviews-2154194008._CB407253794_.js, line 1: TypeError: this.widget is null
JavaScript error: https://m.media-amazon.com/images/G/01/imdb/js/collections/user-reviews-2154194008._CB407253794_.js, line 1: TypeError: this.widget is null
JavaScript error: https://m.media-amazon.com/images/G/01/imdb/js/collections/user-reviews-2154194008._CB407253794_.js, line 1: TypeError: this.widget is null
JavaScript error: https://m.media-amazon.com/images/G/01/imdb/js/collections/user-reviews-2154194008._CB407253794_.js, line 1: TypeError: this.widget is null
JavaScript error: https://m.media-amazon.com/images/G/01/imdb/js/collections/user-reviews-2154194008._CB407253794_.js, line 1: TypeError: this.widget is null
JavaScript error: https://m.media-amazon.com/images/G/01/imdb/js/collections/user-reviews-2154194008._CB407253794_.js, line 1: TypeError: this.widget is null
Handler function threw an exception: TypeError: topFrame.browsingContext is null
Stack: matchRequest@resource://devtools/server/actors/network-monitor/network-observer.js:111:9
_onRequestHeader@resource://devtools/server/actors/network-monitor/network-observer.js:857:10
NetworkObserver.prototype.observeActivity<@resource://devtools/server/actors/network-monitor/network-observer.js:632:12
exports.makeInfallible/<@resource://devtools/shared/ThreadSafeDevToolsUtils.js:103:22
Line: 111, column: 9
console.error: (new TypeError("topFrame.browsingContext is null", "resource://devtools/server/actors/network-monitor/network-observer.js", 111))
Handler function _httpResponseExaminer threw an exception: TypeError: topFrame.browsingContext is null
Stack: matchRequest@resource://devtools/server/actors/network-monitor/network-observer.js:111:9
_httpResponseExaminer@resource://devtools/server/actors/network-monitor/network-observer.js:416:10
exports.makeInfallible/<@resource://devtools/shared/ThreadSafeDevToolsUtils.js:103:22
Line: 111, column: 9
console.error: (new TypeError("topFrame.browsingContext is null", "resource://devtools/server/actors/network-monitor/network-observer.js", 111))
Handler function _httpResponseExaminer threw an exception: TypeError: topFrame.browsingContext is null
Stack: matchRequest@resource://devtools/server/actors/network-monitor/network-observer.js:111:9
_httpResponseExaminer@resource://devtools/server/actors/network-monitor/network-observer.js:416:10
exports.makeInfallible/<@resource://devtools/shared/ThreadSafeDevToolsUtils.js:103:22
Line: 111, column: 9
console.error: (new TypeError("topFrame.browsingContext is null", "resource://devtools/server/actors/network-monitor/network-observer.js", 111))
Handler function _httpResponseExaminer threw an exception: TypeError: topFrame.browsingContext is null
Stack: matchRequest@resource://devtools/server/actors/network-monitor/network-observer.js:111:9
_httpResponseExaminer@resource://devtools/server/actors/network-monitor/network-observer.js:416:10
exports.makeInfallible/<@resource://devtools/shared/ThreadSafeDevToolsUtils.js:103:22
Line: 111, column: 9
console.error: (new TypeError("topFrame.browsingContext is null", "resource://devtools/server/actors/network-monitor/network-observer.js", 111))
JavaScript warning: https://www.metacritic.com/js/global.min.1600279332.js, line 263: unreachable code after return statement
JavaScript warning: https://www.metacritic.com/js/global.min.1600279332.js, line 263: unreachable code after return statement
Can't find symbol 'eglSwapBuffersWithDamageEXT'.
JavaScript warning: https://www.metacritic.com/js/global_alt.min.1600279332.js, line 45: unreachable code after return statement
JavaScript warning: https://www.metacritic.com/js/global_alt.min.1600279332.js, line 45: unreachable code after return statement
JavaScript warning: https://www.metacritic.com/js/global_alt.min.1600279332.js, line 45: unreachable code after return statement
JavaScript warning: https://www.metacritic.com/js/global_alt.min.1600279332.js, line 45: unreachable code after return statement
Can't find symbol 'eglSwapBuffersWithDamageEXT'.
JavaScript error: resource://gre/actors/AutoCompleteChild.jsm, line 235: Error: Invalid autocomplete selectedIndex
JavaScript error: https://www.rottentomatoes.com/search?search=mulan line 1612 > injectedScript, line 1: ReferenceError: sc is not defined
JavaScript error: https://www.rottentomatoes.com/assets/pizza-pie/javascripts/bundles/blueKai.93fda013f61.js, line 1: ReferenceError: bk_addPageCtx is not defined
JavaScript error: https://www.rottentomatoes.com/m/mulan_2020 line 1772 > injectedScript, line 2: TypeError: a is null
JavaScript error: https://www.rottentomatoes.com/m/mulan_2020/reviews?type=user line 1772 > injectedScript, line 1: ReferenceError: sc is not defined
JavaScript error: https://www.rottentomatoes.com/assets/pizza-pie/javascripts/bundles/blueKai.93fda013f61.js, line 1: ReferenceError: bk_addPageCtx is not defined
JavaScript error: https://www.rottentomatoes.com/m/mulan_2020/reviews?type=user line 1772 > injectedScript, line 2: TypeError: a is null
JavaScript error: https://www.rottentomatoes.com/m/mulan_2020/reviews?type=user line 1612 > injectedScript, line 1: ReferenceError: sc is not defined
JavaScript error: https://imasdk.googleapis.com/js/sdkloader/ima3.js, line 376: TypeError: this.g is undefined
JavaScript error: https://imasdk.googleapis.com/js/sdkloader/ima3.js, line 376: TypeError: this.g is undefined
JavaScript error: https://imasdk.googleapis.com/js/sdkloader/ima3.js, line 376: TypeError: this.g is undefined
JavaScript error: https://imasdk.googleapis.com/js/sdkloader/ima3.js, line 376: TypeError: this.g is undefined
JavaScript error: https://imasdk.googleapis.com/js/sdkloader/ima3.js, line 376: TypeError: this.g is undefined
JavaScript error: https://imasdk.googleapis.com/js/sdkloader/ima3.js, line 376: TypeError: this.g is undefined
JavaScript error: https://imasdk.googleapis.com/js/sdkloader/ima3.js, line 376: TypeError: this.g is undefined
JavaScript error: https://imasdk.googleapis.com/js/sdkloader/ima3.js, line 376: TypeError: this.g is undefined
JavaScript error: https://imasdk.googleapis.com/js/sdkloader/ima3.js, line 376: TypeError: this.g is undefined
JavaScript error: https://imasdk.googleapis.com/js/sdkloader/ima3.js, line 376: TypeError: this.g is undefined
JavaScript error: , line 0: NS_ERROR_NOT_AVAILABLE
JavaScript error: https://www.kaggle.com/static/assets/vendor.js?v=da2d56392979f8f7c58e, line 2: TypeError: n.context is undefined
JavaScript error: https://www.kaggle.com/static/assets/vendor.js?v=da2d56392979f8f7c58e, line 2: TypeError: e.report(...) is undefined
JavaScript error: https://www.kaggle.com/static/assets/app.js?v=ff72e66c567bf9711ff2, line 20: Error: To see the data you need to agree to the competition rules
JavaScript error: https://www.kaggle.com/static/assets/vendor.js?v=da2d56392979f8f7c58e, line 2: TypeError: n.context is undefined
JavaScript error: https://www.kaggle.com/static/assets/vendor.js?v=da2d56392979f8f7c58e, line 2: TypeError: e.report(...) is undefined
JavaScript error: https://www.kaggle.com/static/assets/app.js?v=ff72e66c567bf9711ff2, line 20: Error: To see the data you need to agree to the competition rules
JavaScript error: https://www.kaggle.com/static/assets/vendor.js?v=da2d56392979f8f7c58e, line 2: TypeError: n.context is undefined
JavaScript error: https://www.kaggle.com/static/assets/vendor.js?v=da2d56392979f8f7c58e, line 2: TypeError: n.context is undefined
JavaScript error: https://www.kaggle.com/static/assets/app.js?v=ff72e66c567bf9711ff2, line 20: Error: Previews for binary data are not supported
JavaScript warning: https://cdnjs.cloudflare.com/ajax/libs/jquery/2.0.3/jquery.min.js, line 2: Using //@ to indicate sourceMappingURL pragmas is deprecated. Use //# instead
JavaScript warning: https://www.curiousily.com/component---src-templates-post-query-js-e74c7df85ec49fca8d7a.js, line 1297: unreachable code after return statement

###!!! [Parent][RunMessage] Error: Channel closing: too late to send/recv, messages will be lost


###!!! [Parent][RunMessage] Error: Channel closing: too late to send/recv, messages will be lost


###!!! [Parent][RunMessage] Error: Channel closing: too late to send/recv, messages will be lost


###!!! [Parent][RunMessage] Error: Channel closing: too late to send/recv, messages will be lost


###!!! [Parent][RunMessage] Error: Channel closing: too late to send/recv, messages will be lost


###!!! [Parent][RunMessage] Error: Channel closing: too late to send/recv, messages will be lost


###!!! [Parent][RunMessage] Error: Channel closing: too late to send/recv, messages will be lost


###!!! [Parent][RunMessage] Error: Channel closing: too late to send/recv, messages will be lost


###!!! [Parent][RunMessage] Error: Channel closing: too late to send/recv, messages will be lost


###!!! [Parent][RunMessage] Error: Channel closing: too late to send/recv, messages will be lost


###!!! [Parent][RunMessage] Error: Channel closing: too late to send/recv, messages will be lost


###!!! [Parent][RunMessage] Error: Channel closing: too late to send/recv, messages will be lost


###!!! [Parent][RunMessage] Error: Channel closing: too late to send/recv, messages will be lost


###!!! [Parent][RunMessage] Error: Channel closing: too late to send/recv, messages will be lost


###!!! [Parent][RunMessage] Error: Channel closing: too late to send/recv, messages will be lost


###!!! [Parent][RunMessage] Error: Channel closing: too late to send/recv, messages will be lost


###!!! [Parent][RunMessage] Error: Channel closing: too late to send/recv, messages will be lost

[Parent 17052, Gecko_IOThread] WARNING: file /builds/worker/checkouts/gecko/ipc/chromium/src/base/process_util_win.cc, line 166

###!!! [Child][MessageChannel] Error: (msgtype=0x3B0001,name=PCookieService::Msg_SetCookies) Closed channel: cannot send/recv


###!!! [Parent][MessageChannel] Error: (msgtype=0xB4002A,name=PWebRenderBridge::Msg___delete__) Channel error: cannot send/recv


###!!! [Child][MessageChannel] Error: (msgtype=0x3B0001,name=PCookieService::Msg_SetCookies) Closed channel: cannot send/recv


###!!! [Child][MessageChannel] Error: (msgtype=0x3B0001,name=PCookieService::Msg_SetCookies) Closed channel: cannot send/recv


###!!! [Child][MessageChannel] Error: (msgtype=0x6A0029,name=PNecko::Msg_RemoveRequestContext) Closed channel: cannot send/recv


###!!! [Child][MessageChannel] Error: (msgtype=0x6A0029,name=PNecko::Msg_RemoveRequestContext) Closed channel: cannot send/recv


###!!! [Child][MessageChannel] Error: (msgtype=0x3B0001,name=PCookieService::Msg_SetCookies) Closed channel: cannot send/recv


###!!! [Child][MessageChannel] Error: (msgtype=0x3B0001,name=PCookieService::Msg_SetCookies) Closed channel: cannot send/recv


###!!! [Child][MessageChannel] Error: (msgtype=0x3B0001,name=PCookieService::Msg_SetCookies) Closed channel: cannot send/recv


###!!! [Child][MessageChannel] Error: (msgtype=0x3B0001,name=PCookieService::Msg_SetCookies) Closed channel: cannot send/recv


###!!! [Child][MessageChannel] Error: (msgtype=0x3B0001,name=PCookieService::Msg_SetCookies) Closed channel: cannot send/recv


###!!! [Child][MessageChannel] Error: (msgtype=0x6A0029,name=PNecko::Msg_RemoveRequestContext) Closed channel: cannot send/recv


###!!! [Child][MessageChannel] Error: (msgtype=0x6A0029,name=PNecko::Msg_RemoveRequestContext) Closed channel: cannot send/recv


###!!! [Child][MessageChannel] Error: (msgtype=0x6A0029,name=PNecko::Msg_RemoveRequestContext) Closed channel: cannot send/recv


###!!! [Child][MessageChannel] Error: (msgtype=0x6A0029,name=PNecko::Msg_RemoveRequestContext) Closed channel: cannot send/recv


###!!! [Child][MessageChannel] Error: (msgtype=0x6A0029,name=PNecko::Msg_RemoveRequestContext) Closed channel: cannot send/recv


###!!! [Child][MessageChannel] Error: (msgtype=0x6A0029,name=PNecko::Msg_RemoveRequestContext) Closed channel: cannot send/recv


###!!! [Child][MessageChannel] Error: (msgtype=0x6A0029,name=PNecko::Msg_RemoveRequestContext) Closed channel: cannot send/recv


###!!! [Child][MessageChannel] Error: (msgtype=0x6A0029,name=PNecko::Msg_RemoveRequestContext) Closed channel: cannot send/recv


###!!! [Child][MessageChannel] Error: (msgtype=0x6A0029,name=PNecko::Msg_RemoveRequestContext) Closed channel: cannot send/recv


###!!! [Child][MessageChannel] Error: (msgtype=0x6A0029,name=PNecko::Msg_RemoveRequestContext) Closed channel: cannot send/recv


###!!! [Child][MessageChannel] Error: (msgtype=0x6A0029,name=PNecko::Msg_RemoveRequestContext) Closed channel: cannot send/recv


###!!! [Child][MessageChannel] Error: (msgtype=0x6A0029,name=PNecko::Msg_RemoveRequestContext) Closed channel: cannot send/recv


###!!! [Child][MessageChannel] Error: (msgtype=0x6A0029,name=PNecko::Msg_RemoveRequestContext) Closed channel: cannot send/recv


###!!! [Child][MessageChannel] Error: (msgtype=0x6A0029,name=PNecko::Msg_RemoveRequestContext) Closed channel: cannot send/recv


###!!! [Child][MessageChannel] Error: (msgtype=0x6A0029,name=PNecko::Msg_RemoveRequestContext) Closed channel: cannot send/recv


###!!! [Child][MessageChannel] Error: (msgtype=0x6A0029,name=PNecko::Msg_RemoveRequestContext) Closed channel: cannot send/recv


###!!! [Child][MessageChannel] Error: (msgtype=0x6A0029,name=PNecko::Msg_RemoveRequestContext) Closed channel: cannot send/recv


###!!! [Child][MessageChannel] Error: (msgtype=0x6A0029,name=PNecko::Msg_RemoveRequestContext) Closed channel: cannot send/recv


###!!! [Child][MessageChannel] Error: (msgtype=0x6A0029,name=PNecko::Msg_RemoveRequestContext) Closed channel: cannot send/recv


###!!! [Child][MessageChannel] Error: (msgtype=0x6A0029,name=PNecko::Msg_RemoveRequestContext) Closed channel: cannot send/recv


###!!! [Child][MessageChannel] Error: (msgtype=0x6A0029,name=PNecko::Msg_RemoveRequestContext) Closed channel: cannot send/recv


###!!! [Child][MessageChannel] Error: (msgtype=0x6A0029,name=PNecko::Msg_RemoveRequestContext) Closed channel: cannot send/recv


###!!! [Child][MessageChannel] Error: (msgtype=0x6A0029,name=PNecko::Msg_RemoveRequestContext) Closed channel: cannot send/recv


###!!! [Child][MessageChannel] Error: (msgtype=0x6A0029,name=PNecko::Msg_RemoveRequestContext) Closed channel: cannot send/recv


###!!! [Child][MessageChannel] Error: (msgtype=0x6A0029,name=PNecko::Msg_RemoveRequestContext) Closed channel: cannot send/recv


###!!! [Child][MessageChannel] Error: (msgtype=0x6A0029,name=PNecko::Msg_RemoveRequestContext) Closed channel: cannot send/recv


###!!! [Child][MessageChannel] Error: (msgtype=0x6A0029,name=PNecko::Msg_RemoveRequestContext) Closed channel: cannot send/recv


###!!! [Child][MessageChannel] Error: (msgtype=0x6A0029,name=PNecko::Msg_RemoveRequestContext) Closed channel: cannot send/recv


###!!! [Child][MessageChannel] Error: (msgtype=0x6A0029,name=PNecko::Msg_RemoveRequestContext) Closed channel: cannot send/recv


###!!! [Child][MessageChannel] Error: (msgtype=0x6A0029,name=PNecko::Msg_RemoveRequestContext) Closed channel: cannot send/recv


###!!! [Child][MessageChannel] Error: (msgtype=0x6A0029,name=PNecko::Msg_RemoveRequestContext) Closed channel: cannot send/recv


###!!! [Child][MessageChannel] Error: (msgtype=0x6A0029,name=PNecko::Msg_RemoveRequestContext) Closed channel: cannot send/recv


###!!! [Child][MessageChannel] Error: (msgtype=0x6A0029,name=PNecko::Msg_RemoveRequestContext) Closed channel: cannot send/recv


###!!! [Child][MessageChannel] Error: (msgtype=0x6A0029,name=PNecko::Msg_RemoveRequestContext) Closed channel: cannot send/recv


###!!! [Child][MessageChannel] Error: (msgtype=0x6A0029,name=PNecko::Msg_RemoveRequestContext) Closed channel: cannot send/recv


###!!! [Child][MessageChannel] Error: (msgtype=0x6A0029,name=PNecko::Msg_RemoveRequestContext) Closed channel: cannot send/recv


###!!! [Child][MessageChannel] Error: (msgtype=0x6A0029,name=PNecko::Msg_RemoveRequestContext) Closed channel: cannot send/recv

[Parent 17052, Gecko_IOThread] WARNING: file /builds/worker/checkouts/gecko/ipc/chromium/src/base/process_util_win.cc, line 166

###!!! [Child][MessageChannel] Error: (msgtype=0x6A0029,name=PNecko::Msg_RemoveRequestContext) Closed channel: cannot send/recv


###!!! [Child][MessageChannel] Error: (msgtype=0x390145,name=PContent::Msg_DiscardBrowsingContext) Closed channel: cannot send/recv


###!!! [Child][MessageChannel] Error: (msgtype=0x390145,name=PContent::Msg_DiscardBrowsingContext) Closed channel: cannot send/recv


###!!! [Child][MessageChannel] Error: (msgtype=0x3B0001,name=PCookieService::Msg_SetCookies) Closed channel: cannot send/recv


###!!! [Child][MessageChannel] Error: (msgtype=0x390145,name=PContent::Msg_DiscardBrowsingContext) Closed channel: cannot send/recv


###!!! [Parent][RunMessage] Error: Channel error: cannot send/recv


###!!! [Parent][RunMessage] Error: Channel error: cannot send/recv


###!!! [Child][MessageChannel] Error: (msgtype=0x390145,name=PContent::Msg_DiscardBrowsingContext) Closed channel: cannot send/recv


###!!! [Child][MessageChannel] Error: (msgtype=0x390145,name=PContent::Msg_DiscardBrowsingContext) Closed channel: cannot send/recv


###!!! [Child][MessageChannel] Error: (msgtype=0x390145,name=PContent::Msg_DiscardBrowsingContext) Closed channel: cannot send/recv


###!!! [Child][MessageChannel] Error: (msgtype=0x390145,name=PContent::Msg_DiscardBrowsingContext) Closed channel: cannot send/recv


###!!! [Child][MessageChannel] Error: (msgtype=0x6A0029,name=PNecko::Msg_RemoveRequestContext) Closed channel: cannot send/recv


###!!! [Child][MessageChannel] Error: (msgtype=0x390145,name=PContent::Msg_DiscardBrowsingContext) Closed channel: cannot send/recv


###!!! [Child][MessageChannel] Error: (msgtype=0x390145,name=PContent::Msg_DiscardBrowsingContext) Closed channel: cannot send/recv


###!!! [Child][MessageChannel] Error: (msgtype=0x390145,name=PContent::Msg_DiscardBrowsingContext) Closed channel: cannot send/recv


###!!! [Child][MessageChannel] Error: (msgtype=0x390145,name=PContent::Msg_DiscardBrowsingContext) Closed channel: cannot send/recv


###!!! [Child][MessageChannel] Error: (msgtype=0x390145,name=PContent::Msg_DiscardBrowsingContext) Closed channel: cannot send/recv


###!!! [Child][MessageChannel] Error: (msgtype=0x390145,name=PContent::Msg_DiscardBrowsingContext) Closed channel: cannot send/recv


###!!! [Child][MessageChannel] Error: (msgtype=0x390145,name=PContent::Msg_DiscardBrowsingContext) Closed channel: cannot send/recv


###!!! [Child][MessageChannel] Error: (msgtype=0x390145,name=PContent::Msg_DiscardBrowsingContext) Closed channel: cannot send/recv


###!!! [Child][MessageChannel] Error: (msgtype=0x390145,name=PContent::Msg_DiscardBrowsingContext) Closed channel: cannot send/recv


###!!! [Child][MessageChannel] Error: (msgtype=0x390145,name=PContent::Msg_DiscardBrowsingContext) Closed channel: cannot send/recv


###!!! [Child][MessageChannel] Error: (msgtype=0x56001B,name=PHal::Msg_DisableSensorNotifications) Closed channel: cannot send/recv


###!!! [Child][MessageChannel] Error: (msgtype=0x56001B,name=PHal::Msg_DisableSensorNotifications) Closed channel: cannot send/recv


###!!! [Child][MessageChannel] Error: (msgtype=0x56001B,name=PHal::Msg_DisableSensorNotifications) Closed channel: cannot send/recv


###!!! [Child][MessageChannel] Error: (msgtype=0x56001B,name=PHal::Msg_DisableSensorNotifications) Closed channel: cannot send/recv


###!!! [Child][MessageChannel] Error: (msgtype=0x390114,name=PContent::Msg_UnstoreAndBroadcastBlobURLUnregistration) Closed channel: cannot send/recv


###!!! [Child][MessageChannel] Error: (msgtype=0x390114,name=PContent::Msg_UnstoreAndBroadcastBlobURLUnregistration) Closed channel: cannot send/recv


###!!! [Child][MessageChannel] Error: (msgtype=0x390114,name=PContent::Msg_UnstoreAndBroadcastBlobURLUnregistration) Closed channel: cannot send/recv


###!!! [Child][MessageChannel] Error: (msgtype=0x390114,name=PContent::Msg_UnstoreAndBroadcastBlobURLUnregistration) Closed channel: cannot send/recv


###!!! [Child][MessageChannel] Error: (msgtype=0x390145,name=PContent::Msg_DiscardBrowsingContext) Closed channel: cannot send/recv


###!!! [Child][MessageChannel] Error: (msgtype=0x390145,name=PContent::Msg_DiscardBrowsingContext) Closed channel: cannot send/recv


###!!! [Child][MessageChannel] Error: (msgtype=0x390145,name=PContent::Msg_DiscardBrowsingContext) Closed channel: cannot send/recv


###!!! [Child][MessageChannel] Error: (msgtype=0x390145,name=PContent::Msg_DiscardBrowsingContext) Closed channel: cannot send/recv


###!!! [Child][MessageChannel] Error: (msgtype=0x390145,name=PContent::Msg_DiscardBrowsingContext) Closed channel: cannot send/recv


###!!! [Child][MessageChannel] Error: (msgtype=0x390145,name=PContent::Msg_DiscardBrowsingContext) Closed channel: cannot send/recv


###!!! [Child][MessageChannel] Error: (msgtype=0x390145,name=PContent::Msg_DiscardBrowsingContext) Closed channel: cannot send/recv

